2019-02-06 16:59:51.827 +05:30 [Error] An exception occurred in the database while iterating the results of a query for context type '"Acr.Assist.RadElement.Data.RadElementDbContext"'."
""System.InvalidCastException: Unable to convert MySQL date/time to System.DateTime.
   at MySqlConnector.Core.TextRow.ParseDateTime(ReadOnlySpan`1 value) in C:\projects\mysqlconnector\src\MySqlConnector\Core\TextRow.cs:line 170
   at MySqlConnector.Core.TextRow.GetValueCore(ReadOnlySpan`1 data, ColumnDefinitionPayload columnDefinition) in C:\projects\mysqlconnector\src\MySqlConnector\Core\TextRow.cs:line 91
   at MySqlConnector.Core.Row.GetValue(Int32 ordinal) in C:\projects\mysqlconnector\src\MySqlConnector\Core\Row.cs:line 42
   at System.Data.Common.DbDataReader.GetFieldValue[T](Int32 ordinal)
   at lambda_method(Closure , DbDataReader )
   at Microsoft.EntityFrameworkCore.Storage.Internal.TypedRelationalValueBufferFactory.Create(DbDataReader dataReader)
   at Microsoft.EntityFrameworkCore.Query.Internal.AsyncQueryingEnumerable`1.AsyncEnumerator.BufferlessMoveNext(DbContext _, Boolean buffer, CancellationToken cancellationToken)
   at Pomelo.EntityFrameworkCore.MySql.Storage.Internal.MySqlExecutionStrategy.ExecuteAsync[TState,TResult](TState state, Func`4 operation, Func`4 verifySucceeded, CancellationToken cancellationToken)
   at Microsoft.EntityFrameworkCore.Query.Internal.AsyncQueryingEnumerable`1.AsyncEnumerator.MoveNext(CancellationToken cancellationToken)
   at System.Linq.AsyncEnumerable.SelectEnumerableAsyncIterator`2.MoveNextCore(CancellationToken cancellationToken)
   at System.Linq.AsyncEnumerable.AsyncIterator`1.MoveNext(CancellationToken cancellationToken)
   at Microsoft.EntityFrameworkCore.Query.Internal.AsyncLinqOperatorProvider.ExceptionInterceptor`1.EnumeratorExceptionInterceptor.MoveNext(CancellationToken cancellationToken)"
System.InvalidCastException: Unable to convert MySQL date/time to System.DateTime.
   at MySqlConnector.Core.TextRow.ParseDateTime(ReadOnlySpan`1 value) in C:\projects\mysqlconnector\src\MySqlConnector\Core\TextRow.cs:line 170
   at MySqlConnector.Core.TextRow.GetValueCore(ReadOnlySpan`1 data, ColumnDefinitionPayload columnDefinition) in C:\projects\mysqlconnector\src\MySqlConnector\Core\TextRow.cs:line 91
   at MySqlConnector.Core.Row.GetValue(Int32 ordinal) in C:\projects\mysqlconnector\src\MySqlConnector\Core\Row.cs:line 42
   at System.Data.Common.DbDataReader.GetFieldValue[T](Int32 ordinal)
   at lambda_method(Closure , DbDataReader )
   at Microsoft.EntityFrameworkCore.Storage.Internal.TypedRelationalValueBufferFactory.Create(DbDataReader dataReader)
   at Microsoft.EntityFrameworkCore.Query.Internal.AsyncQueryingEnumerable`1.AsyncEnumerator.BufferlessMoveNext(DbContext _, Boolean buffer, CancellationToken cancellationToken)
   at Pomelo.EntityFrameworkCore.MySql.Storage.Internal.MySqlExecutionStrategy.ExecuteAsync[TState,TResult](TState state, Func`4 operation, Func`4 verifySucceeded, CancellationToken cancellationToken)
   at Microsoft.EntityFrameworkCore.Query.Internal.AsyncQueryingEnumerable`1.AsyncEnumerator.MoveNext(CancellationToken cancellationToken)
   at System.Linq.AsyncEnumerable.SelectEnumerableAsyncIterator`2.MoveNextCore(CancellationToken cancellationToken)
   at System.Linq.AsyncEnumerable.AsyncIterator`1.MoveNext(CancellationToken cancellationToken)
   at Microsoft.EntityFrameworkCore.Query.Internal.AsyncLinqOperatorProvider.ExceptionInterceptor`1.EnumeratorExceptionInterceptor.MoveNext(CancellationToken cancellationToken)
   at System.Linq.AsyncEnumerable.Aggregate_[TSource,TAccumulate,TResult](IAsyncEnumerable`1 source, TAccumulate seed, Func`3 accumulator, Func`2 resultSelector, CancellationToken cancellationToken)
   at Acr.Assist.RadElement.Service.ElementService.GetElements() in E:\ACR\ACR Assist\RadElementAPI\Acr.Assist.RadElement.Service\ElementService.cs:line 36
   at Acr.Assist.RadElement.API.Controllers.ElementController.GetElements() in E:\ACR\ACR Assist\RadElementAPI\Acr.Assist.RadElement.API\Controllers\ElementController.cs:line 42
   at Microsoft.AspNetCore.Mvc.Internal.ActionMethodExecutor.TaskOfIActionResultExecutor.Execute(IActionResultTypeMapper mapper, ObjectMethodExecutor executor, Object controller, Object[] arguments)
   at System.Threading.Tasks.ValueTask`1.get_Result()
   at Microsoft.AspNetCore.Mvc.Internal.ControllerActionInvoker.InvokeActionMethodAsync()
   at Microsoft.AspNetCore.Mvc.Internal.ControllerActionInvoker.InvokeNextActionFilterAsync()
   at Microsoft.AspNetCore.Mvc.Internal.ControllerActionInvoker.Rethrow(ActionExecutedContext context)
   at Microsoft.AspNetCore.Mvc.Internal.ControllerActionInvoker.Next(State& next, Scope& scope, Object& state, Boolean& isCompleted)
   at Microsoft.AspNetCore.Mvc.Internal.ControllerActionInvoker.InvokeInnerFilterAsync()
   at Microsoft.AspNetCore.Mvc.Internal.ResourceInvoker.InvokeNextResourceFilter()
   at Microsoft.AspNetCore.Mvc.Internal.ResourceInvoker.Rethrow(ResourceExecutedContext context)
   at Microsoft.AspNetCore.Mvc.Internal.ResourceInvoker.Next(State& next, Scope& scope, Object& state, Boolean& isCompleted)
   at Microsoft.AspNetCore.Mvc.Internal.ResourceInvoker.InvokeFilterPipelineAsync()
   at Microsoft.AspNetCore.Mvc.Internal.ResourceInvoker.InvokeAsync()
   at Microsoft.AspNetCore.Builder.RouterMiddleware.Invoke(HttpContext httpContext)
   at Microsoft.AspNetCore.Cors.Infrastructure.CorsMiddleware.Invoke(HttpContext context)
   at Microsoft.AspNetCore.StaticFiles.StaticFileMiddleware.Invoke(HttpContext context)
2019-02-06 16:59:52.442 +05:30 [Error] An unhandled exception has occurred while executing the request.
System.InvalidCastException: Unable to convert MySQL date/time to System.DateTime.
   at MySqlConnector.Core.TextRow.ParseDateTime(ReadOnlySpan`1 value) in C:\projects\mysqlconnector\src\MySqlConnector\Core\TextRow.cs:line 170
   at MySqlConnector.Core.TextRow.GetValueCore(ReadOnlySpan`1 data, ColumnDefinitionPayload columnDefinition) in C:\projects\mysqlconnector\src\MySqlConnector\Core\TextRow.cs:line 91
   at MySqlConnector.Core.Row.GetValue(Int32 ordinal) in C:\projects\mysqlconnector\src\MySqlConnector\Core\Row.cs:line 42
   at System.Data.Common.DbDataReader.GetFieldValue[T](Int32 ordinal)
   at lambda_method(Closure , DbDataReader )
   at Microsoft.EntityFrameworkCore.Storage.Internal.TypedRelationalValueBufferFactory.Create(DbDataReader dataReader)
   at Microsoft.EntityFrameworkCore.Query.Internal.AsyncQueryingEnumerable`1.AsyncEnumerator.BufferlessMoveNext(DbContext _, Boolean buffer, CancellationToken cancellationToken)
   at Pomelo.EntityFrameworkCore.MySql.Storage.Internal.MySqlExecutionStrategy.ExecuteAsync[TState,TResult](TState state, Func`4 operation, Func`4 verifySucceeded, CancellationToken cancellationToken)
   at Microsoft.EntityFrameworkCore.Query.Internal.AsyncQueryingEnumerable`1.AsyncEnumerator.MoveNext(CancellationToken cancellationToken)
   at System.Linq.AsyncEnumerable.SelectEnumerableAsyncIterator`2.MoveNextCore(CancellationToken cancellationToken)
   at System.Linq.AsyncEnumerable.AsyncIterator`1.MoveNext(CancellationToken cancellationToken)
   at Microsoft.EntityFrameworkCore.Query.Internal.AsyncLinqOperatorProvider.ExceptionInterceptor`1.EnumeratorExceptionInterceptor.MoveNext(CancellationToken cancellationToken)
   at System.Linq.AsyncEnumerable.Aggregate_[TSource,TAccumulate,TResult](IAsyncEnumerable`1 source, TAccumulate seed, Func`3 accumulator, Func`2 resultSelector, CancellationToken cancellationToken)
   at Acr.Assist.RadElement.Service.ElementService.GetElements() in E:\ACR\ACR Assist\RadElementAPI\Acr.Assist.RadElement.Service\ElementService.cs:line 36
   at Acr.Assist.RadElement.API.Controllers.ElementController.GetElements() in E:\ACR\ACR Assist\RadElementAPI\Acr.Assist.RadElement.API\Controllers\ElementController.cs:line 42
   at Microsoft.AspNetCore.Mvc.Internal.ActionMethodExecutor.TaskOfIActionResultExecutor.Execute(IActionResultTypeMapper mapper, ObjectMethodExecutor executor, Object controller, Object[] arguments)
   at System.Threading.Tasks.ValueTask`1.get_Result()
   at Microsoft.AspNetCore.Mvc.Internal.ControllerActionInvoker.InvokeActionMethodAsync()
   at Microsoft.AspNetCore.Mvc.Internal.ControllerActionInvoker.InvokeNextActionFilterAsync()
   at Microsoft.AspNetCore.Mvc.Internal.ControllerActionInvoker.Rethrow(ActionExecutedContext context)
   at Microsoft.AspNetCore.Mvc.Internal.ControllerActionInvoker.Next(State& next, Scope& scope, Object& state, Boolean& isCompleted)
   at Microsoft.AspNetCore.Mvc.Internal.ControllerActionInvoker.InvokeInnerFilterAsync()
   at Microsoft.AspNetCore.Mvc.Internal.ResourceInvoker.InvokeNextResourceFilter()
   at Microsoft.AspNetCore.Mvc.Internal.ResourceInvoker.Rethrow(ResourceExecutedContext context)
   at Microsoft.AspNetCore.Mvc.Internal.ResourceInvoker.Next(State& next, Scope& scope, Object& state, Boolean& isCompleted)
   at Microsoft.AspNetCore.Mvc.Internal.ResourceInvoker.InvokeFilterPipelineAsync()
   at Microsoft.AspNetCore.Mvc.Internal.ResourceInvoker.InvokeAsync()
   at Microsoft.AspNetCore.Builder.RouterMiddleware.Invoke(HttpContext httpContext)
   at Microsoft.AspNetCore.Cors.Infrastructure.CorsMiddleware.Invoke(HttpContext context)
   at Microsoft.AspNetCore.StaticFiles.StaticFileMiddleware.Invoke(HttpContext context)
   at Microsoft.AspNetCore.Authentication.AuthenticationMiddleware.Invoke(HttpContext context)
   at Acr.Assist.RadElement.API.Startup.<>c.<<Configure>b__9_0>d.MoveNext() in E:\ACR\ACR Assist\RadElementAPI\Acr.Assist.RadElement.API\Startup.cs:line 134
--- End of stack trace from previous location where exception was thrown ---
   at Microsoft.AspNetCore.Diagnostics.DeveloperExceptionPageMiddleware.Invoke(HttpContext context)
2019-02-06 17:00:15.735 +05:30 [Error] An exception occurred in the database while iterating the results of a query for context type '"Acr.Assist.RadElement.Data.RadElementDbContext"'."
""System.InvalidCastException: Unable to convert MySQL date/time to System.DateTime.
   at MySqlConnector.Core.TextRow.ParseDateTime(ReadOnlySpan`1 value) in C:\projects\mysqlconnector\src\MySqlConnector\Core\TextRow.cs:line 170
   at MySqlConnector.Core.TextRow.GetValueCore(ReadOnlySpan`1 data, ColumnDefinitionPayload columnDefinition) in C:\projects\mysqlconnector\src\MySqlConnector\Core\TextRow.cs:line 91
   at MySqlConnector.Core.Row.GetValue(Int32 ordinal) in C:\projects\mysqlconnector\src\MySqlConnector\Core\Row.cs:line 42
   at System.Data.Common.DbDataReader.GetFieldValue[T](Int32 ordinal)
   at lambda_method(Closure , DbDataReader )
   at Microsoft.EntityFrameworkCore.Storage.Internal.TypedRelationalValueBufferFactory.Create(DbDataReader dataReader)
   at Microsoft.EntityFrameworkCore.Query.Internal.AsyncQueryingEnumerable`1.AsyncEnumerator.BufferlessMoveNext(DbContext _, Boolean buffer, CancellationToken cancellationToken)
   at Pomelo.EntityFrameworkCore.MySql.Storage.Internal.MySqlExecutionStrategy.ExecuteAsync[TState,TResult](TState state, Func`4 operation, Func`4 verifySucceeded, CancellationToken cancellationToken)
   at Microsoft.EntityFrameworkCore.Query.Internal.AsyncQueryingEnumerable`1.AsyncEnumerator.MoveNext(CancellationToken cancellationToken)
   at System.Linq.AsyncEnumerable.SelectEnumerableAsyncIterator`2.MoveNextCore(CancellationToken cancellationToken)
   at System.Linq.AsyncEnumerable.AsyncIterator`1.MoveNext(CancellationToken cancellationToken)
   at Microsoft.EntityFrameworkCore.Query.Internal.AsyncLinqOperatorProvider.ExceptionInterceptor`1.EnumeratorExceptionInterceptor.MoveNext(CancellationToken cancellationToken)"
System.InvalidCastException: Unable to convert MySQL date/time to System.DateTime.
   at MySqlConnector.Core.TextRow.ParseDateTime(ReadOnlySpan`1 value) in C:\projects\mysqlconnector\src\MySqlConnector\Core\TextRow.cs:line 170
   at MySqlConnector.Core.TextRow.GetValueCore(ReadOnlySpan`1 data, ColumnDefinitionPayload columnDefinition) in C:\projects\mysqlconnector\src\MySqlConnector\Core\TextRow.cs:line 91
   at MySqlConnector.Core.Row.GetValue(Int32 ordinal) in C:\projects\mysqlconnector\src\MySqlConnector\Core\Row.cs:line 42
   at System.Data.Common.DbDataReader.GetFieldValue[T](Int32 ordinal)
   at lambda_method(Closure , DbDataReader )
   at Microsoft.EntityFrameworkCore.Storage.Internal.TypedRelationalValueBufferFactory.Create(DbDataReader dataReader)
   at Microsoft.EntityFrameworkCore.Query.Internal.AsyncQueryingEnumerable`1.AsyncEnumerator.BufferlessMoveNext(DbContext _, Boolean buffer, CancellationToken cancellationToken)
   at Pomelo.EntityFrameworkCore.MySql.Storage.Internal.MySqlExecutionStrategy.ExecuteAsync[TState,TResult](TState state, Func`4 operation, Func`4 verifySucceeded, CancellationToken cancellationToken)
   at Microsoft.EntityFrameworkCore.Query.Internal.AsyncQueryingEnumerable`1.AsyncEnumerator.MoveNext(CancellationToken cancellationToken)
   at System.Linq.AsyncEnumerable.SelectEnumerableAsyncIterator`2.MoveNextCore(CancellationToken cancellationToken)
   at System.Linq.AsyncEnumerable.AsyncIterator`1.MoveNext(CancellationToken cancellationToken)
   at Microsoft.EntityFrameworkCore.Query.Internal.AsyncLinqOperatorProvider.ExceptionInterceptor`1.EnumeratorExceptionInterceptor.MoveNext(CancellationToken cancellationToken)
2019-02-06 17:00:15.879 +05:30 [Error] An unhandled exception has occurred while executing the request.
System.InvalidCastException: Unable to convert MySQL date/time to System.DateTime.
   at MySqlConnector.Core.TextRow.ParseDateTime(ReadOnlySpan`1 value) in C:\projects\mysqlconnector\src\MySqlConnector\Core\TextRow.cs:line 170
   at MySqlConnector.Core.TextRow.GetValueCore(ReadOnlySpan`1 data, ColumnDefinitionPayload columnDefinition) in C:\projects\mysqlconnector\src\MySqlConnector\Core\TextRow.cs:line 91
   at MySqlConnector.Core.Row.GetValue(Int32 ordinal) in C:\projects\mysqlconnector\src\MySqlConnector\Core\Row.cs:line 42
   at System.Data.Common.DbDataReader.GetFieldValue[T](Int32 ordinal)
   at lambda_method(Closure , DbDataReader )
   at Microsoft.EntityFrameworkCore.Storage.Internal.TypedRelationalValueBufferFactory.Create(DbDataReader dataReader)
   at Microsoft.EntityFrameworkCore.Query.Internal.AsyncQueryingEnumerable`1.AsyncEnumerator.BufferlessMoveNext(DbContext _, Boolean buffer, CancellationToken cancellationToken)
   at Pomelo.EntityFrameworkCore.MySql.Storage.Internal.MySqlExecutionStrategy.ExecuteAsync[TState,TResult](TState state, Func`4 operation, Func`4 verifySucceeded, CancellationToken cancellationToken)
   at Microsoft.EntityFrameworkCore.Query.Internal.AsyncQueryingEnumerable`1.AsyncEnumerator.MoveNext(CancellationToken cancellationToken)
   at System.Linq.AsyncEnumerable.SelectEnumerableAsyncIterator`2.MoveNextCore(CancellationToken cancellationToken)
   at System.Linq.AsyncEnumerable.AsyncIterator`1.MoveNext(CancellationToken cancellationToken)
   at Microsoft.EntityFrameworkCore.Query.Internal.AsyncLinqOperatorProvider.ExceptionInterceptor`1.EnumeratorExceptionInterceptor.MoveNext(CancellationToken cancellationToken)
   at System.Linq.AsyncEnumerable.Aggregate_[TSource,TAccumulate,TResult](IAsyncEnumerable`1 source, TAccumulate seed, Func`3 accumulator, Func`2 resultSelector, CancellationToken cancellationToken)
   at Acr.Assist.RadElement.Service.ElementService.GetElements() in E:\ACR\ACR Assist\RadElementAPI\Acr.Assist.RadElement.Service\ElementService.cs:line 36
   at Acr.Assist.RadElement.API.Controllers.ElementController.GetElements() in E:\ACR\ACR Assist\RadElementAPI\Acr.Assist.RadElement.API\Controllers\ElementController.cs:line 42
   at Microsoft.AspNetCore.Mvc.Internal.ActionMethodExecutor.TaskOfIActionResultExecutor.Execute(IActionResultTypeMapper mapper, ObjectMethodExecutor executor, Object controller, Object[] arguments)
   at System.Threading.Tasks.ValueTask`1.get_Result()
   at Microsoft.AspNetCore.Mvc.Internal.ControllerActionInvoker.InvokeActionMethodAsync()
   at Microsoft.AspNetCore.Mvc.Internal.ControllerActionInvoker.InvokeNextActionFilterAsync()
   at Microsoft.AspNetCore.Mvc.Internal.ControllerActionInvoker.Rethrow(ActionExecutedContext context)
   at Microsoft.AspNetCore.Mvc.Internal.ControllerActionInvoker.Next(State& next, Scope& scope, Object& state, Boolean& isCompleted)
   at Microsoft.AspNetCore.Mvc.Internal.ControllerActionInvoker.InvokeInnerFilterAsync()
   at Microsoft.AspNetCore.Mvc.Internal.ResourceInvoker.InvokeNextResourceFilter()
   at Microsoft.AspNetCore.Mvc.Internal.ResourceInvoker.Rethrow(ResourceExecutedContext context)
   at Microsoft.AspNetCore.Mvc.Internal.ResourceInvoker.Next(State& next, Scope& scope, Object& state, Boolean& isCompleted)
   at Microsoft.AspNetCore.Mvc.Internal.ResourceInvoker.InvokeFilterPipelineAsync()
   at Microsoft.AspNetCore.Mvc.Internal.ResourceInvoker.InvokeAsync()
   at Microsoft.AspNetCore.Builder.RouterMiddleware.Invoke(HttpContext httpContext)
   at Microsoft.AspNetCore.Cors.Infrastructure.CorsMiddleware.Invoke(HttpContext context)
   at Microsoft.AspNetCore.StaticFiles.StaticFileMiddleware.Invoke(HttpContext context)
   at Microsoft.AspNetCore.Authentication.AuthenticationMiddleware.Invoke(HttpContext context)
   at Acr.Assist.RadElement.API.Startup.<>c.<<Configure>b__9_0>d.MoveNext() in E:\ACR\ACR Assist\RadElementAPI\Acr.Assist.RadElement.API\Startup.cs:line 134
--- End of stack trace from previous location where exception was thrown ---
   at Microsoft.AspNetCore.Diagnostics.DeveloperExceptionPageMiddleware.Invoke(HttpContext context)
2019-02-06 17:01:22.896 +05:30 [Error] An exception occurred in the database while iterating the results of a query for context type '"Acr.Assist.RadElement.Data.RadElementDbContext"'."
""System.InvalidCastException: Unable to convert MySQL date/time to System.DateTime.
   at MySqlConnector.Core.TextRow.ParseDateTime(ReadOnlySpan`1 value) in C:\projects\mysqlconnector\src\MySqlConnector\Core\TextRow.cs:line 170
   at MySqlConnector.Core.TextRow.GetValueCore(ReadOnlySpan`1 data, ColumnDefinitionPayload columnDefinition) in C:\projects\mysqlconnector\src\MySqlConnector\Core\TextRow.cs:line 91
   at MySqlConnector.Core.Row.GetValue(Int32 ordinal) in C:\projects\mysqlconnector\src\MySqlConnector\Core\Row.cs:line 42
   at System.Data.Common.DbDataReader.GetFieldValue[T](Int32 ordinal)
   at lambda_method(Closure , DbDataReader )
   at Microsoft.EntityFrameworkCore.Storage.Internal.TypedRelationalValueBufferFactory.Create(DbDataReader dataReader)
   at Microsoft.EntityFrameworkCore.Query.Internal.AsyncQueryingEnumerable`1.AsyncEnumerator.BufferlessMoveNext(DbContext _, Boolean buffer, CancellationToken cancellationToken)
   at Pomelo.EntityFrameworkCore.MySql.Storage.Internal.MySqlExecutionStrategy.ExecuteAsync[TState,TResult](TState state, Func`4 operation, Func`4 verifySucceeded, CancellationToken cancellationToken)
   at Microsoft.EntityFrameworkCore.Query.Internal.AsyncQueryingEnumerable`1.AsyncEnumerator.MoveNext(CancellationToken cancellationToken)
   at System.Linq.AsyncEnumerable.SelectEnumerableAsyncIterator`2.MoveNextCore(CancellationToken cancellationToken)
   at System.Linq.AsyncEnumerable.AsyncIterator`1.MoveNext(CancellationToken cancellationToken)
   at Microsoft.EntityFrameworkCore.Query.Internal.AsyncLinqOperatorProvider.ExceptionInterceptor`1.EnumeratorExceptionInterceptor.MoveNext(CancellationToken cancellationToken)"
System.InvalidCastException: Unable to convert MySQL date/time to System.DateTime.
   at MySqlConnector.Core.TextRow.ParseDateTime(ReadOnlySpan`1 value) in C:\projects\mysqlconnector\src\MySqlConnector\Core\TextRow.cs:line 170
   at MySqlConnector.Core.TextRow.GetValueCore(ReadOnlySpan`1 data, ColumnDefinitionPayload columnDefinition) in C:\projects\mysqlconnector\src\MySqlConnector\Core\TextRow.cs:line 91
   at MySqlConnector.Core.Row.GetValue(Int32 ordinal) in C:\projects\mysqlconnector\src\MySqlConnector\Core\Row.cs:line 42
   at System.Data.Common.DbDataReader.GetFieldValue[T](Int32 ordinal)
   at lambda_method(Closure , DbDataReader )
   at Microsoft.EntityFrameworkCore.Storage.Internal.TypedRelationalValueBufferFactory.Create(DbDataReader dataReader)
   at Microsoft.EntityFrameworkCore.Query.Internal.AsyncQueryingEnumerable`1.AsyncEnumerator.BufferlessMoveNext(DbContext _, Boolean buffer, CancellationToken cancellationToken)
   at Pomelo.EntityFrameworkCore.MySql.Storage.Internal.MySqlExecutionStrategy.ExecuteAsync[TState,TResult](TState state, Func`4 operation, Func`4 verifySucceeded, CancellationToken cancellationToken)
   at Microsoft.EntityFrameworkCore.Query.Internal.AsyncQueryingEnumerable`1.AsyncEnumerator.MoveNext(CancellationToken cancellationToken)
   at System.Linq.AsyncEnumerable.SelectEnumerableAsyncIterator`2.MoveNextCore(CancellationToken cancellationToken)
   at System.Linq.AsyncEnumerable.AsyncIterator`1.MoveNext(CancellationToken cancellationToken)
   at Microsoft.EntityFrameworkCore.Query.Internal.AsyncLinqOperatorProvider.ExceptionInterceptor`1.EnumeratorExceptionInterceptor.MoveNext(CancellationToken cancellationToken)
2019-02-06 17:01:23.146 +05:30 [Error] An unhandled exception has occurred while executing the request.
System.InvalidCastException: Unable to convert MySQL date/time to System.DateTime.
   at MySqlConnector.Core.TextRow.ParseDateTime(ReadOnlySpan`1 value) in C:\projects\mysqlconnector\src\MySqlConnector\Core\TextRow.cs:line 170
   at MySqlConnector.Core.TextRow.GetValueCore(ReadOnlySpan`1 data, ColumnDefinitionPayload columnDefinition) in C:\projects\mysqlconnector\src\MySqlConnector\Core\TextRow.cs:line 91
   at MySqlConnector.Core.Row.GetValue(Int32 ordinal) in C:\projects\mysqlconnector\src\MySqlConnector\Core\Row.cs:line 42
   at System.Data.Common.DbDataReader.GetFieldValue[T](Int32 ordinal)
   at lambda_method(Closure , DbDataReader )
   at Microsoft.EntityFrameworkCore.Storage.Internal.TypedRelationalValueBufferFactory.Create(DbDataReader dataReader)
   at Microsoft.EntityFrameworkCore.Query.Internal.AsyncQueryingEnumerable`1.AsyncEnumerator.BufferlessMoveNext(DbContext _, Boolean buffer, CancellationToken cancellationToken)
   at Pomelo.EntityFrameworkCore.MySql.Storage.Internal.MySqlExecutionStrategy.ExecuteAsync[TState,TResult](TState state, Func`4 operation, Func`4 verifySucceeded, CancellationToken cancellationToken)
   at Microsoft.EntityFrameworkCore.Query.Internal.AsyncQueryingEnumerable`1.AsyncEnumerator.MoveNext(CancellationToken cancellationToken)
   at System.Linq.AsyncEnumerable.SelectEnumerableAsyncIterator`2.MoveNextCore(CancellationToken cancellationToken)
   at System.Linq.AsyncEnumerable.AsyncIterator`1.MoveNext(CancellationToken cancellationToken)
   at Microsoft.EntityFrameworkCore.Query.Internal.AsyncLinqOperatorProvider.ExceptionInterceptor`1.EnumeratorExceptionInterceptor.MoveNext(CancellationToken cancellationToken)
   at System.Linq.AsyncEnumerable.Aggregate_[TSource,TAccumulate,TResult](IAsyncEnumerable`1 source, TAccumulate seed, Func`3 accumulator, Func`2 resultSelector, CancellationToken cancellationToken)
   at Acr.Assist.RadElement.Service.ElementService.GetElement(Int32 elementId) in E:\ACR\ACR Assist\RadElementAPI\Acr.Assist.RadElement.Service\ElementService.cs:line 47
   at Acr.Assist.RadElement.API.Controllers.ElementController.GetElementByElementId(Int32 elementId) in E:\ACR\ACR Assist\RadElementAPI\Acr.Assist.RadElement.API\Controllers\ElementController.cs:line 55
   at Microsoft.AspNetCore.Mvc.Internal.ActionMethodExecutor.TaskOfIActionResultExecutor.Execute(IActionResultTypeMapper mapper, ObjectMethodExecutor executor, Object controller, Object[] arguments)
   at System.Threading.Tasks.ValueTask`1.get_Result()
   at Microsoft.AspNetCore.Mvc.Internal.ControllerActionInvoker.InvokeActionMethodAsync()
   at Microsoft.AspNetCore.Mvc.Internal.ControllerActionInvoker.InvokeNextActionFilterAsync()
   at Microsoft.AspNetCore.Mvc.Internal.ControllerActionInvoker.Rethrow(ActionExecutedContext context)
   at Microsoft.AspNetCore.Mvc.Internal.ControllerActionInvoker.Next(State& next, Scope& scope, Object& state, Boolean& isCompleted)
   at Microsoft.AspNetCore.Mvc.Internal.ControllerActionInvoker.InvokeInnerFilterAsync()
   at Microsoft.AspNetCore.Mvc.Internal.ResourceInvoker.InvokeNextResourceFilter()
   at Microsoft.AspNetCore.Mvc.Internal.ResourceInvoker.Rethrow(ResourceExecutedContext context)
   at Microsoft.AspNetCore.Mvc.Internal.ResourceInvoker.Next(State& next, Scope& scope, Object& state, Boolean& isCompleted)
   at Microsoft.AspNetCore.Mvc.Internal.ResourceInvoker.InvokeFilterPipelineAsync()
   at Microsoft.AspNetCore.Mvc.Internal.ResourceInvoker.InvokeAsync()
   at Microsoft.AspNetCore.Builder.RouterMiddleware.Invoke(HttpContext httpContext)
   at Microsoft.AspNetCore.Cors.Infrastructure.CorsMiddleware.Invoke(HttpContext context)
   at Microsoft.AspNetCore.StaticFiles.StaticFileMiddleware.Invoke(HttpContext context)
   at Microsoft.AspNetCore.Authentication.AuthenticationMiddleware.Invoke(HttpContext context)
   at Acr.Assist.RadElement.API.Startup.<>c.<<Configure>b__9_0>d.MoveNext() in E:\ACR\ACR Assist\RadElementAPI\Acr.Assist.RadElement.API\Startup.cs:line 134
--- End of stack trace from previous location where exception was thrown ---
   at Microsoft.AspNetCore.Diagnostics.DeveloperExceptionPageMiddleware.Invoke(HttpContext context)
2019-02-06 17:03:28.446 +05:30 [Error] An exception occurred in the database while iterating the results of a query for context type '"Acr.Assist.RadElement.Data.RadElementDbContext"'."
""System.InvalidCastException: Unable to convert MySQL date/time to System.DateTime.
   at MySqlConnector.Core.TextRow.ParseDateTime(ReadOnlySpan`1 value) in C:\projects\mysqlconnector\src\MySqlConnector\Core\TextRow.cs:line 170
   at MySqlConnector.Core.TextRow.GetValueCore(ReadOnlySpan`1 data, ColumnDefinitionPayload columnDefinition) in C:\projects\mysqlconnector\src\MySqlConnector\Core\TextRow.cs:line 91
   at MySqlConnector.Core.Row.GetValue(Int32 ordinal) in C:\projects\mysqlconnector\src\MySqlConnector\Core\Row.cs:line 42
   at System.Data.Common.DbDataReader.GetFieldValue[T](Int32 ordinal)
   at lambda_method(Closure , DbDataReader )
   at Microsoft.EntityFrameworkCore.Storage.Internal.TypedRelationalValueBufferFactory.Create(DbDataReader dataReader)
   at Microsoft.EntityFrameworkCore.Query.Internal.AsyncQueryingEnumerable`1.AsyncEnumerator.BufferlessMoveNext(DbContext _, Boolean buffer, CancellationToken cancellationToken)
   at Pomelo.EntityFrameworkCore.MySql.Storage.Internal.MySqlExecutionStrategy.ExecuteAsync[TState,TResult](TState state, Func`4 operation, Func`4 verifySucceeded, CancellationToken cancellationToken)
   at Microsoft.EntityFrameworkCore.Query.Internal.AsyncQueryingEnumerable`1.AsyncEnumerator.MoveNext(CancellationToken cancellationToken)
   at System.Linq.AsyncEnumerable.SelectEnumerableAsyncIterator`2.MoveNextCore(CancellationToken cancellationToken)
   at System.Linq.AsyncEnumerable.AsyncIterator`1.MoveNext(CancellationToken cancellationToken)
   at Microsoft.EntityFrameworkCore.Query.Internal.AsyncLinqOperatorProvider.ExceptionInterceptor`1.EnumeratorExceptionInterceptor.MoveNext(CancellationToken cancellationToken)"
System.InvalidCastException: Unable to convert MySQL date/time to System.DateTime.
   at MySqlConnector.Core.TextRow.ParseDateTime(ReadOnlySpan`1 value) in C:\projects\mysqlconnector\src\MySqlConnector\Core\TextRow.cs:line 170
   at MySqlConnector.Core.TextRow.GetValueCore(ReadOnlySpan`1 data, ColumnDefinitionPayload columnDefinition) in C:\projects\mysqlconnector\src\MySqlConnector\Core\TextRow.cs:line 91
   at MySqlConnector.Core.Row.GetValue(Int32 ordinal) in C:\projects\mysqlconnector\src\MySqlConnector\Core\Row.cs:line 42
   at System.Data.Common.DbDataReader.GetFieldValue[T](Int32 ordinal)
   at lambda_method(Closure , DbDataReader )
   at Microsoft.EntityFrameworkCore.Storage.Internal.TypedRelationalValueBufferFactory.Create(DbDataReader dataReader)
   at Microsoft.EntityFrameworkCore.Query.Internal.AsyncQueryingEnumerable`1.AsyncEnumerator.BufferlessMoveNext(DbContext _, Boolean buffer, CancellationToken cancellationToken)
   at Pomelo.EntityFrameworkCore.MySql.Storage.Internal.MySqlExecutionStrategy.ExecuteAsync[TState,TResult](TState state, Func`4 operation, Func`4 verifySucceeded, CancellationToken cancellationToken)
   at Microsoft.EntityFrameworkCore.Query.Internal.AsyncQueryingEnumerable`1.AsyncEnumerator.MoveNext(CancellationToken cancellationToken)
   at System.Linq.AsyncEnumerable.SelectEnumerableAsyncIterator`2.MoveNextCore(CancellationToken cancellationToken)
   at System.Linq.AsyncEnumerable.AsyncIterator`1.MoveNext(CancellationToken cancellationToken)
   at Microsoft.EntityFrameworkCore.Query.Internal.AsyncLinqOperatorProvider.ExceptionInterceptor`1.EnumeratorExceptionInterceptor.MoveNext(CancellationToken cancellationToken)
2019-02-06 17:03:28.613 +05:30 [Error] An unhandled exception has occurred while executing the request.
System.InvalidCastException: Unable to convert MySQL date/time to System.DateTime.
   at MySqlConnector.Core.TextRow.ParseDateTime(ReadOnlySpan`1 value) in C:\projects\mysqlconnector\src\MySqlConnector\Core\TextRow.cs:line 170
   at MySqlConnector.Core.TextRow.GetValueCore(ReadOnlySpan`1 data, ColumnDefinitionPayload columnDefinition) in C:\projects\mysqlconnector\src\MySqlConnector\Core\TextRow.cs:line 91
   at MySqlConnector.Core.Row.GetValue(Int32 ordinal) in C:\projects\mysqlconnector\src\MySqlConnector\Core\Row.cs:line 42
   at System.Data.Common.DbDataReader.GetFieldValue[T](Int32 ordinal)
   at lambda_method(Closure , DbDataReader )
   at Microsoft.EntityFrameworkCore.Storage.Internal.TypedRelationalValueBufferFactory.Create(DbDataReader dataReader)
   at Microsoft.EntityFrameworkCore.Query.Internal.AsyncQueryingEnumerable`1.AsyncEnumerator.BufferlessMoveNext(DbContext _, Boolean buffer, CancellationToken cancellationToken)
   at Pomelo.EntityFrameworkCore.MySql.Storage.Internal.MySqlExecutionStrategy.ExecuteAsync[TState,TResult](TState state, Func`4 operation, Func`4 verifySucceeded, CancellationToken cancellationToken)
   at Microsoft.EntityFrameworkCore.Query.Internal.AsyncQueryingEnumerable`1.AsyncEnumerator.MoveNext(CancellationToken cancellationToken)
   at System.Linq.AsyncEnumerable.SelectEnumerableAsyncIterator`2.MoveNextCore(CancellationToken cancellationToken)
   at System.Linq.AsyncEnumerable.AsyncIterator`1.MoveNext(CancellationToken cancellationToken)
   at Microsoft.EntityFrameworkCore.Query.Internal.AsyncLinqOperatorProvider.ExceptionInterceptor`1.EnumeratorExceptionInterceptor.MoveNext(CancellationToken cancellationToken)
   at System.Linq.AsyncEnumerable.Aggregate_[TSource,TAccumulate,TResult](IAsyncEnumerable`1 source, TAccumulate seed, Func`3 accumulator, Func`2 resultSelector, CancellationToken cancellationToken)
   at Acr.Assist.RadElement.Service.ElementService.GetElement(Int32 elementId) in E:\ACR\ACR Assist\RadElementAPI\Acr.Assist.RadElement.Service\ElementService.cs:line 47
   at Acr.Assist.RadElement.API.Controllers.ElementController.GetElementByElementId(Int32 elementId) in E:\ACR\ACR Assist\RadElementAPI\Acr.Assist.RadElement.API\Controllers\ElementController.cs:line 55
   at Microsoft.AspNetCore.Mvc.Internal.ActionMethodExecutor.TaskOfIActionResultExecutor.Execute(IActionResultTypeMapper mapper, ObjectMethodExecutor executor, Object controller, Object[] arguments)
   at System.Threading.Tasks.ValueTask`1.get_Result()
   at Microsoft.AspNetCore.Mvc.Internal.ControllerActionInvoker.InvokeActionMethodAsync()
   at Microsoft.AspNetCore.Mvc.Internal.ControllerActionInvoker.InvokeNextActionFilterAsync()
   at Microsoft.AspNetCore.Mvc.Internal.ControllerActionInvoker.Rethrow(ActionExecutedContext context)
   at Microsoft.AspNetCore.Mvc.Internal.ControllerActionInvoker.Next(State& next, Scope& scope, Object& state, Boolean& isCompleted)
   at Microsoft.AspNetCore.Mvc.Internal.ControllerActionInvoker.InvokeInnerFilterAsync()
   at Microsoft.AspNetCore.Mvc.Internal.ResourceInvoker.InvokeNextResourceFilter()
   at Microsoft.AspNetCore.Mvc.Internal.ResourceInvoker.Rethrow(ResourceExecutedContext context)
   at Microsoft.AspNetCore.Mvc.Internal.ResourceInvoker.Next(State& next, Scope& scope, Object& state, Boolean& isCompleted)
   at Microsoft.AspNetCore.Mvc.Internal.ResourceInvoker.InvokeFilterPipelineAsync()
   at Microsoft.AspNetCore.Mvc.Internal.ResourceInvoker.InvokeAsync()
   at Microsoft.AspNetCore.Builder.RouterMiddleware.Invoke(HttpContext httpContext)
   at Microsoft.AspNetCore.Cors.Infrastructure.CorsMiddleware.Invoke(HttpContext context)
   at Microsoft.AspNetCore.StaticFiles.StaticFileMiddleware.Invoke(HttpContext context)
   at Microsoft.AspNetCore.Authentication.AuthenticationMiddleware.Invoke(HttpContext context)
   at Acr.Assist.RadElement.API.Startup.<>c.<<Configure>b__9_0>d.MoveNext() in E:\ACR\ACR Assist\RadElementAPI\Acr.Assist.RadElement.API\Startup.cs:line 134
--- End of stack trace from previous location where exception was thrown ---
   at Microsoft.AspNetCore.Diagnostics.DeveloperExceptionPageMiddleware.Invoke(HttpContext context)
2019-02-06 17:07:23.490 +05:30 [Error] An exception occurred in the database while iterating the results of a query for context type '"Acr.Assist.RadElement.Data.RadElementDbContext"'."
""System.InvalidCastException: Unable to convert MySQL date/time to System.DateTime.
   at MySqlConnector.Core.TextRow.ParseDateTime(ReadOnlySpan`1 value) in C:\projects\mysqlconnector\src\MySqlConnector\Core\TextRow.cs:line 170
   at MySqlConnector.Core.TextRow.GetValueCore(ReadOnlySpan`1 data, ColumnDefinitionPayload columnDefinition) in C:\projects\mysqlconnector\src\MySqlConnector\Core\TextRow.cs:line 91
   at MySqlConnector.Core.Row.GetValue(Int32 ordinal) in C:\projects\mysqlconnector\src\MySqlConnector\Core\Row.cs:line 42
   at System.Data.Common.DbDataReader.GetFieldValue[T](Int32 ordinal)
   at lambda_method(Closure , DbDataReader )
   at Microsoft.EntityFrameworkCore.Storage.Internal.TypedRelationalValueBufferFactory.Create(DbDataReader dataReader)
   at Microsoft.EntityFrameworkCore.Query.Internal.AsyncQueryingEnumerable`1.AsyncEnumerator.BufferlessMoveNext(DbContext _, Boolean buffer, CancellationToken cancellationToken)
   at Pomelo.EntityFrameworkCore.MySql.Storage.Internal.MySqlExecutionStrategy.ExecuteAsync[TState,TResult](TState state, Func`4 operation, Func`4 verifySucceeded, CancellationToken cancellationToken)
   at Microsoft.EntityFrameworkCore.Query.Internal.AsyncQueryingEnumerable`1.AsyncEnumerator.MoveNext(CancellationToken cancellationToken)
   at System.Linq.AsyncEnumerable.SelectEnumerableAsyncIterator`2.MoveNextCore(CancellationToken cancellationToken)
   at System.Linq.AsyncEnumerable.AsyncIterator`1.MoveNext(CancellationToken cancellationToken)
   at Microsoft.EntityFrameworkCore.Query.Internal.AsyncLinqOperatorProvider.ExceptionInterceptor`1.EnumeratorExceptionInterceptor.MoveNext(CancellationToken cancellationToken)"
System.InvalidCastException: Unable to convert MySQL date/time to System.DateTime.
   at MySqlConnector.Core.TextRow.ParseDateTime(ReadOnlySpan`1 value) in C:\projects\mysqlconnector\src\MySqlConnector\Core\TextRow.cs:line 170
   at MySqlConnector.Core.TextRow.GetValueCore(ReadOnlySpan`1 data, ColumnDefinitionPayload columnDefinition) in C:\projects\mysqlconnector\src\MySqlConnector\Core\TextRow.cs:line 91
   at MySqlConnector.Core.Row.GetValue(Int32 ordinal) in C:\projects\mysqlconnector\src\MySqlConnector\Core\Row.cs:line 42
   at System.Data.Common.DbDataReader.GetFieldValue[T](Int32 ordinal)
   at lambda_method(Closure , DbDataReader )
   at Microsoft.EntityFrameworkCore.Storage.Internal.TypedRelationalValueBufferFactory.Create(DbDataReader dataReader)
   at Microsoft.EntityFrameworkCore.Query.Internal.AsyncQueryingEnumerable`1.AsyncEnumerator.BufferlessMoveNext(DbContext _, Boolean buffer, CancellationToken cancellationToken)
   at Pomelo.EntityFrameworkCore.MySql.Storage.Internal.MySqlExecutionStrategy.ExecuteAsync[TState,TResult](TState state, Func`4 operation, Func`4 verifySucceeded, CancellationToken cancellationToken)
   at Microsoft.EntityFrameworkCore.Query.Internal.AsyncQueryingEnumerable`1.AsyncEnumerator.MoveNext(CancellationToken cancellationToken)
   at System.Linq.AsyncEnumerable.SelectEnumerableAsyncIterator`2.MoveNextCore(CancellationToken cancellationToken)
   at System.Linq.AsyncEnumerable.AsyncIterator`1.MoveNext(CancellationToken cancellationToken)
   at Microsoft.EntityFrameworkCore.Query.Internal.AsyncLinqOperatorProvider.ExceptionInterceptor`1.EnumeratorExceptionInterceptor.MoveNext(CancellationToken cancellationToken)
   at System.Linq.AsyncEnumerable.Aggregate_[TSource,TAccumulate,TResult](IAsyncEnumerable`1 source, TAccumulate seed, Func`3 accumulator, Func`2 resultSelector, CancellationToken cancellationToken)
   at Acr.Assist.RadElement.Service.ElementService.GetElements() in E:\ACR\ACR Assist\RadElementAPI\Acr.Assist.RadElement.Service\ElementService.cs:line 36
   at Acr.Assist.RadElement.API.Controllers.ElementController.GetElements() in E:\ACR\ACR Assist\RadElementAPI\Acr.Assist.RadElement.API\Controllers\ElementController.cs:line 42
   at Microsoft.AspNetCore.Mvc.Internal.ActionMethodExecutor.TaskOfIActionResultExecutor.Execute(IActionResultTypeMapper mapper, ObjectMethodExecutor executor, Object controller, Object[] arguments)
   at System.Threading.Tasks.ValueTask`1.get_Result()
   at Microsoft.AspNetCore.Mvc.Internal.ControllerActionInvoker.InvokeActionMethodAsync()
   at Microsoft.AspNetCore.Mvc.Internal.ControllerActionInvoker.InvokeNextActionFilterAsync()
   at Microsoft.AspNetCore.Mvc.Internal.ControllerActionInvoker.Rethrow(ActionExecutedContext context)
   at Microsoft.AspNetCore.Mvc.Internal.ControllerActionInvoker.Next(State& next, Scope& scope, Object& state, Boolean& isCompleted)
   at Microsoft.AspNetCore.Mvc.Internal.ControllerActionInvoker.InvokeInnerFilterAsync()
   at Microsoft.AspNetCore.Mvc.Internal.ResourceInvoker.InvokeNextResourceFilter()
2019-02-06 17:07:23.940 +05:30 [Error] An unhandled exception has occurred while executing the request.
System.InvalidCastException: Unable to convert MySQL date/time to System.DateTime.
   at MySqlConnector.Core.TextRow.ParseDateTime(ReadOnlySpan`1 value) in C:\projects\mysqlconnector\src\MySqlConnector\Core\TextRow.cs:line 170
   at MySqlConnector.Core.TextRow.GetValueCore(ReadOnlySpan`1 data, ColumnDefinitionPayload columnDefinition) in C:\projects\mysqlconnector\src\MySqlConnector\Core\TextRow.cs:line 91
   at MySqlConnector.Core.Row.GetValue(Int32 ordinal) in C:\projects\mysqlconnector\src\MySqlConnector\Core\Row.cs:line 42
   at System.Data.Common.DbDataReader.GetFieldValue[T](Int32 ordinal)
   at lambda_method(Closure , DbDataReader )
   at Microsoft.EntityFrameworkCore.Storage.Internal.TypedRelationalValueBufferFactory.Create(DbDataReader dataReader)
   at Microsoft.EntityFrameworkCore.Query.Internal.AsyncQueryingEnumerable`1.AsyncEnumerator.BufferlessMoveNext(DbContext _, Boolean buffer, CancellationToken cancellationToken)
   at Pomelo.EntityFrameworkCore.MySql.Storage.Internal.MySqlExecutionStrategy.ExecuteAsync[TState,TResult](TState state, Func`4 operation, Func`4 verifySucceeded, CancellationToken cancellationToken)
   at Microsoft.EntityFrameworkCore.Query.Internal.AsyncQueryingEnumerable`1.AsyncEnumerator.MoveNext(CancellationToken cancellationToken)
   at System.Linq.AsyncEnumerable.SelectEnumerableAsyncIterator`2.MoveNextCore(CancellationToken cancellationToken)
   at System.Linq.AsyncEnumerable.AsyncIterator`1.MoveNext(CancellationToken cancellationToken)
   at Microsoft.EntityFrameworkCore.Query.Internal.AsyncLinqOperatorProvider.ExceptionInterceptor`1.EnumeratorExceptionInterceptor.MoveNext(CancellationToken cancellationToken)
   at System.Linq.AsyncEnumerable.Aggregate_[TSource,TAccumulate,TResult](IAsyncEnumerable`1 source, TAccumulate seed, Func`3 accumulator, Func`2 resultSelector, CancellationToken cancellationToken)
   at Acr.Assist.RadElement.Service.ElementService.GetElements() in E:\ACR\ACR Assist\RadElementAPI\Acr.Assist.RadElement.Service\ElementService.cs:line 36
   at Acr.Assist.RadElement.API.Controllers.ElementController.GetElements() in E:\ACR\ACR Assist\RadElementAPI\Acr.Assist.RadElement.API\Controllers\ElementController.cs:line 42
   at Microsoft.AspNetCore.Mvc.Internal.ActionMethodExecutor.TaskOfIActionResultExecutor.Execute(IActionResultTypeMapper mapper, ObjectMethodExecutor executor, Object controller, Object[] arguments)
   at System.Threading.Tasks.ValueTask`1.get_Result()
   at Microsoft.AspNetCore.Mvc.Internal.ControllerActionInvoker.InvokeActionMethodAsync()
   at Microsoft.AspNetCore.Mvc.Internal.ControllerActionInvoker.InvokeNextActionFilterAsync()
   at Microsoft.AspNetCore.Mvc.Internal.ControllerActionInvoker.Rethrow(ActionExecutedContext context)
   at Microsoft.AspNetCore.Mvc.Internal.ControllerActionInvoker.Next(State& next, Scope& scope, Object& state, Boolean& isCompleted)
   at Microsoft.AspNetCore.Mvc.Internal.ControllerActionInvoker.InvokeInnerFilterAsync()
   at Microsoft.AspNetCore.Mvc.Internal.ResourceInvoker.InvokeNextResourceFilter()
   at Microsoft.AspNetCore.Mvc.Internal.ResourceInvoker.Rethrow(ResourceExecutedContext context)
   at Microsoft.AspNetCore.Mvc.Internal.ResourceInvoker.Next(State& next, Scope& scope, Object& state, Boolean& isCompleted)
   at Microsoft.AspNetCore.Mvc.Internal.ResourceInvoker.InvokeFilterPipelineAsync()
   at Microsoft.AspNetCore.Mvc.Internal.ResourceInvoker.InvokeAsync()
   at Microsoft.AspNetCore.Builder.RouterMiddleware.Invoke(HttpContext httpContext)
   at Microsoft.AspNetCore.Cors.Infrastructure.CorsMiddleware.Invoke(HttpContext context)
   at Microsoft.AspNetCore.StaticFiles.StaticFileMiddleware.Invoke(HttpContext context)
   at Microsoft.AspNetCore.Authentication.AuthenticationMiddleware.Invoke(HttpContext context)
   at Acr.Assist.RadElement.API.Startup.<>c.<<Configure>b__9_0>d.MoveNext() in E:\ACR\ACR Assist\RadElementAPI\Acr.Assist.RadElement.API\Startup.cs:line 134
--- End of stack trace from previous location where exception was thrown ---
   at Microsoft.AspNetCore.Diagnostics.DeveloperExceptionPageMiddleware.Invoke(HttpContext context)
