2018-10-16 11:24:46.501 -04:00 [Warning] No output formatter was found for content type '""' to write the response.
2018-10-16 11:56:20.567 -04:00 [Warning] No output formatter was found for content type '""' to write the response.
2018-10-16 12:07:38.383 -04:00 [Warning] No output formatter was found for content type '""' to write the response.
2018-10-16 12:09:07.168 -04:00 [Warning] No output formatter was found for content type '""' to write the response.
2018-10-16 12:09:47.928 -04:00 [Error] Failed to add record on db
MySql.Data.MySqlClient.MySqlException (0x80004005): Unknown database 'radelement'
   at MySqlConnector.Core.ServerSession.ConnectAsync(ConnectionSettings cs, ILoadBalancer loadBalancer, IOBehavior ioBehavior, CancellationToken cancellationToken) in C:\projects\mysqlconnector\src\MySqlConnector\Core\ServerSession.cs:line 356
   at MySqlConnector.Core.ConnectionPool.GetSessionAsync(MySqlConnection connection, IOBehavior ioBehavior, CancellationToken cancellationToken) in C:\projects\mysqlconnector\src\MySqlConnector\Core\ConnectionPool.cs:line 112
   at MySqlConnector.Core.ConnectionPool.GetSessionAsync(MySqlConnection connection, IOBehavior ioBehavior, CancellationToken cancellationToken) in C:\projects\mysqlconnector\src\MySqlConnector\Core\ConnectionPool.cs:line 141
   at MySql.Data.MySqlClient.MySqlConnection.CreateSessionAsync(Nullable`1 ioBehavior, CancellationToken cancellationToken) in C:\projects\mysqlconnector\src\MySqlConnector\MySql.Data.MySqlClient\MySqlConnection.cs:line 405
   at MySql.Data.MySqlClient.MySqlConnection.OpenAsync(Nullable`1 ioBehavior, CancellationToken cancellationToken) in C:\projects\mysqlconnector\src\MySqlConnector\MySql.Data.MySqlClient\MySqlConnection.cs:line 175
   at MySql.Data.MySqlClient.MySqlConnection.Open() in C:\projects\mysqlconnector\src\MySqlConnector\MySql.Data.MySqlClient\MySqlConnection.cs:line 161
   at Microsoft.EntityFrameworkCore.Storage.RelationalConnection.OpenDbConnection(Boolean errorsExpected)
   at Microsoft.EntityFrameworkCore.Storage.RelationalConnection.Open(Boolean errorsExpected)
   at Microsoft.EntityFrameworkCore.Storage.RelationalConnection.BeginTransaction(IsolationLevel isolationLevel)
   at Microsoft.EntityFrameworkCore.Update.Internal.BatchExecutor.Execute(DbContext _, ValueTuple`2 parameters)
   at Pomelo.EntityFrameworkCore.MySql.Storage.Internal.MySqlExecutionStrategy.Execute[TState,TResult](TState state, Func`3 operation, Func`3 verifySucceeded)
   at Microsoft.EntityFrameworkCore.Update.Internal.BatchExecutor.Execute(IEnumerable`1 commandBatches, IRelationalConnection connection)
   at Microsoft.EntityFrameworkCore.ChangeTracking.Internal.StateManager.SaveChanges(IReadOnlyList`1 entriesToSave)
   at Microsoft.EntityFrameworkCore.ChangeTracking.Internal.StateManager.SaveChanges(Boolean acceptAllChangesOnSuccess)
   at Microsoft.EntityFrameworkCore.DbContext.SaveChanges(Boolean acceptAllChangesOnSuccess)
   at RadElementApi.Controllers.DatabaseController.AddElementToDB(DataElement data) in C:\Projects\RadElement\RadElementApi\Controllers\DatabaseController.cs:line 263
   at RadElementApi.Controllers.DatabaseController.AddElementsAndCodestoDB(List`1 dataElements) in C:\Projects\RadElement\RadElementApi\Controllers\DatabaseController.cs:line 150
   at RadElementApi.Controllers.DatabaseController.Post() in C:\Projects\RadElement\RadElementApi\Controllers\DatabaseController.cs:line 89
2018-10-16 12:11:27.141 -04:00 [Error] Failed to add record on db
Acr.Assist.Marval.Core.Services.Exception.ResourceNotFoundException: Module not found with specified id F62C1110-33E3-4AB9-A49F-4BD63A5333F5
   at Acr.Assist.Marval.Service.ModuleService.GetModule(ModuleIdDetails moduleIdDetails) in C:\Sujith\Work\Assist\assistmarvalapi\Acr.Assist.Marval.Service\ModuleService.cs:line 47
   at RadElementApi.Controllers.DatabaseController.Post() in C:\Projects\RadElement\RadElementApi\Controllers\DatabaseController.cs:line 81
2018-10-16 12:13:26.494 -04:00 [Error] Failed to add record on db
Microsoft.EntityFrameworkCore.DbUpdateException: An error occurred while updating the entries. See the inner exception for details. ---> MySql.Data.MySqlClient.MySqlException: Table 'radelement.element' doesn't exist ---> MySql.Data.MySqlClient.MySqlException: Table 'radelement.element' doesn't exist
   at MySqlConnector.Core.ResultSet.ReadResultSetHeaderAsync(IOBehavior ioBehavior) in C:\projects\mysqlconnector\src\MySqlConnector\Core\ResultSet.cs:line 42
   --- End of inner exception stack trace ---
   at MySql.Data.MySqlClient.MySqlDataReader.ActivateResultSet(ResultSet resultSet) in C:\projects\mysqlconnector\src\MySqlConnector\MySql.Data.MySqlClient\MySqlDataReader.cs:line 74
   at MySql.Data.MySqlClient.MySqlDataReader.ReadFirstResultSetAsync(IOBehavior ioBehavior) in C:\projects\mysqlconnector\src\MySqlConnector\MySql.Data.MySqlClient\MySqlDataReader.cs:line 299
   at MySql.Data.MySqlClient.MySqlDataReader.CreateAsync(MySqlCommand command, CommandBehavior behavior, ResultSetProtocol resultSetProtocol, IOBehavior ioBehavior) in C:\projects\mysqlconnector\src\MySqlConnector\MySql.Data.MySqlClient\MySqlDataReader.cs:line 284
   at MySqlConnector.Core.TextCommandExecutor.ExecuteReaderAsync(String commandText, MySqlParameterCollection parameterCollection, CommandBehavior behavior, IOBehavior ioBehavior, CancellationToken cancellationToken) in C:\projects\mysqlconnector\src\MySqlConnector\Core\TextCommandExecutor.cs:line 37
   at MySql.Data.MySqlClient.MySqlCommand.ExecuteDbDataReader(CommandBehavior behavior) in C:\projects\mysqlconnector\src\MySqlConnector\MySql.Data.MySqlClient\MySqlCommand.cs:line 252
   at Microsoft.EntityFrameworkCore.Storage.Internal.RelationalCommand.Execute(IRelationalConnection connection, DbCommandMethod executeMethod, IReadOnlyDictionary`2 parameterValues)
   at Microsoft.EntityFrameworkCore.Storage.Internal.RelationalCommand.ExecuteReader(IRelationalConnection connection, IReadOnlyDictionary`2 parameterValues)
   at Microsoft.EntityFrameworkCore.Update.ReaderModificationCommandBatch.Execute(IRelationalConnection connection)
   --- End of inner exception stack trace ---
   at Microsoft.EntityFrameworkCore.Update.ReaderModificationCommandBatch.Execute(IRelationalConnection connection)
   at Microsoft.EntityFrameworkCore.Update.Internal.BatchExecutor.Execute(DbContext _, ValueTuple`2 parameters)
   at Pomelo.EntityFrameworkCore.MySql.Storage.Internal.MySqlExecutionStrategy.Execute[TState,TResult](TState state, Func`3 operation, Func`3 verifySucceeded)
   at Microsoft.EntityFrameworkCore.Update.Internal.BatchExecutor.Execute(IEnumerable`1 commandBatches, IRelationalConnection connection)
   at Microsoft.EntityFrameworkCore.ChangeTracking.Internal.StateManager.SaveChanges(IReadOnlyList`1 entriesToSave)
   at Microsoft.EntityFrameworkCore.ChangeTracking.Internal.StateManager.SaveChanges(Boolean acceptAllChangesOnSuccess)
   at Microsoft.EntityFrameworkCore.DbContext.SaveChanges(Boolean acceptAllChangesOnSuccess)
   at RadElementApi.Controllers.DatabaseController.AddElementToDB(DataElement data) in C:\Projects\RadElement\RadElementApi\Controllers\DatabaseController.cs:line 263
   at RadElementApi.Controllers.DatabaseController.AddElementsAndCodestoDB(List`1 dataElements) in C:\Projects\RadElement\RadElementApi\Controllers\DatabaseController.cs:line 150
   at RadElementApi.Controllers.DatabaseController.Post() in C:\Projects\RadElement\RadElementApi\Controllers\DatabaseController.cs:line 89
2018-10-16 12:15:17.537 -04:00 [Error] Failed to add record on db
Acr.Assist.Marval.Core.Services.Exception.ResourceNotFoundException: Module not found with specified id F62C1110-33E3-4AB9-A49F-4BD63A5333F5
   at Acr.Assist.Marval.Service.ModuleService.GetModule(ModuleIdDetails moduleIdDetails) in C:\Sujith\Work\Assist\assistmarvalapi\Acr.Assist.Marval.Service\ModuleService.cs:line 47
   at RadElementApi.Controllers.DatabaseController.Post() in C:\Projects\RadElement\RadElementApi\Controllers\DatabaseController.cs:line 81
2018-10-16 12:17:36.347 -04:00 [Error] Failed to add record on db
Acr.Assist.Marval.Core.Services.Exception.ResourceNotFoundException: Module not found with specified id F62C1110-33E3-4AB9-A49F-4BD63A5333F5
   at Acr.Assist.Marval.Service.ModuleService.GetModule(ModuleIdDetails moduleIdDetails) in C:\Sujith\Work\Assist\assistmarvalapi\Acr.Assist.Marval.Service\ModuleService.cs:line 47
   at RadElementApi.Controllers.DatabaseController.Post() in C:\Projects\RadElement\RadElementApi\Controllers\DatabaseController.cs:line 81
2018-10-16 12:19:24.662 -04:00 [Warning] No output formatter was found for content type '""' to write the response.
2018-10-16 12:22:33.259 -04:00 [Warning] No output formatter was found for content type '""' to write the response.
2018-10-16 14:19:48.698 -04:00 [Warning] No output formatter was found for content type '""' to write the response.
